ecs_account_log:-1;
ecs_account_other_log:-1;
ecs_ad:-1;
ecs_ad_custom:-1;
ecs_ad_position:-1;
ecs_admin_action:-1;
ecs_admin_log:-1;
ecs_admin_message:-1;
ecs_admin_user:-1;
ecs_adsense:-1;
ecs_affiliate_log:-1;
ecs_agency:-1;
ecs_area_region:-1;
ecs_article:-1;
ecs_article_cat:-1;
ecs_attribute:-1;
ecs_auction_log:-1;
ecs_auto_manage:-1;
ecs_back_goods:-1;
ecs_back_order:-1;
ecs_bonus_type:-1;
ecs_booking_goods:-1;
ecs_brand:-1;
ecs_callback_status:-1;
ecs_card:-1;
ecs_cart:-1;
ecs_cat_recommend:-1;
ecs_category:-1;
ecs_coincidence:-1;
ecs_collect_goods:-1;
ecs_comment:-1;
ecs_crons:-1;
ecs_delivery_goods:-1;
ecs_delivery_order:-1;
ecs_email_list:-1;
ecs_email_sendlist:-1;
ecs_error_log:-1;
ecs_exchange_goods:-1;
ecs_favourable_activity:-1;
ecs_feedback:-1;
ecs_friend_link:-1;
ecs_goods:-1;
ecs_goods_activity:-1;
ecs_goods_article:-1;
ecs_goods_attr:-1;
ecs_goods_cat:-1;
ecs_goods_gallery:-1;
ecs_goods_type:-1;
ecs_group_goods:-1;
ecs_keywords:-1;
ecs_link_goods:-1;
ecs_mail_templates:-1;
ecs_member_price:-1;
ecs_nav:-1;
ecs_order_action:-1;
ecs_order_goods:-1;
ecs_order_info:-1;
ecs_pack:-1;
ecs_package_goods:-1;
ecs_pay_log:-1;
ecs_payment:-1;
ecs_plugins:-1;
ecs_products:-1;
ecs_reg_extend_info:-1;
ecs_reg_fields:-1;
ecs_region:-1;
ecs_role:-1;
ecs_searchengine:-1;
ecs_shipping:-1;
ecs_shipping_area:-1;
ecs_shop_bind:-1;
ecs_shop_config:-1;
ecs_snatch_log:-1;
ecs_stats:-1;
ecs_suppliers:-1;
ecs_tag:-1;
ecs_template:-1;
ecs_topic:-1;
ecs_user_account:-1;
ecs_user_address:-1;
ecs_user_bonus:-1;
ecs_user_feed:-1;
ecs_user_rank:-1;
ecs_users:-1;
ecs_virtual_card:-1;
ecs_volume_price:-1;
ecs_vote:-1;
ecs_vote_log:-1;
ecs_vote_option:-1;
ecs_wholesale:-1;
