Array
(
    [0] => Array
        (
            [source_account] => main
            [target_account] => main
            [amount] => 0.01
        )

)

~~~~[{"source_account":"main","target_account":"main","amount":"0.01"}]
~~~~aead0081b1290bea62ed813b1900cca2
~~~~
~~~~
~~~~
~~~~Array
(
    [0] => Array
        (
            [source_account] => main
            [target_account] => main
            [amount] => 0.01
        )

)

~~~~[{"source_account":"main","target_account":"main","amount":"0.01"}]
~~~~aead0081b1290bea62ed813b1900cca2
~~~~